1.0047712
0.98950064
0.96977806
0.94927627
0.9233842
0.9649214
0.9294035
0.88053083
0.8489046
0.7981808
0.79869705
0.7084507
0.64401096
0.5962945
0.53081334
0.5141954
0.47098044
0.4565278
0.4118919
0.3504023
0.34218884
0.3073647
0.26787233
0.22232482
0.20729211
0.17935352
0.16299357
0.15358746
0.13427603
0.12848383
0.39165783
0.3811831
0.36969322
0.31643686
0.31593513
0.256949
0.2348823
0.21536165
0.18212128
0.17685781
0.3090906
0.2377463
0.20930275
0.18791015
0.17365131
0.17134713
0.15250674
0.14053206
0.12577134
0.11568275
0.3526261
0.3415853
0.32844433
0.30407873
0.3000067
0.2936172
0.2787944
0.2520476
0.24910873
0.22398728
0.23268512
0.21586488
0.19235839
0.17903587
0.1687153
0.26530942
0.23695248
0.21316724
0.1924603
0.17671326
0.2752953
0.24031606
0.20246965
0.18378615
0.17423834
0.24672222
0.2278913
0.21015657
0.21089281
0.18610187
0.3109607
0.27102003
0.2568011
0.22490782
0.2136519
0.2890687
0.24768184
0.23205669
0.20728597
0.20825759
0.3713882
0.35043257
0.3330532
0.32127878
0.30646038
0.4655817
0.43803048
0.41632062
0.39368856
0.37468737
0.4156533
0.39260367
0.37139562
0.35740262
0.34989822
0.42362025
0.39550114
0.37218586
0.35511547
0.342349
0.5316236
0.49799985
0.47278643
0.45241708
0.4301123
0.50994104
0.47951585
0.45344147
0.4339189
0.41301274
0.52482176
0.5009469
0.47494897
0.4325781
0.40935576
0.5643508
0.5375824
0.50433564
0.46596873
0.44117448
0.5623059
0.5384528
0.51001394
0.48020783
0.45262176
0.54983944
0.5338088
0.51009136
0.48386705
0.45755154
0.5931938
0.5685748
0.5331986
0.5115844
0.4867165
0.5590429
0.541297
0.5146252
0.48899776
0.46277612
0.5361968
0.5178155
0.49287543
0.47024173
0.44983202
0.5011928
0.4858744
0.46228734
0.435984
0.41016972
0.48194817
0.46882465
0.44842464
0.42802364
0.40838397
0.4549871
0.43650007
0.41107625
0.38542324
0.36252552
0.44856614
0.43183833
0.409702
0.38645592
0.36719754
0.45773464
0.43783194
0.40852553
0.3822361
0.3612225
0.48371652
0.4620986
0.4263276
0.39242917
0.36746734
0.4587522
0.44273305
0.40920615
0.37767756
0.356337
0.42952135
0.41597286
0.39438826
0.37311396
0.35515058
0.35122406
0.3422191
0.32951218
0.31445038
0.29732013
0.39408344
0.37487942
0.35396248
0.33205944
0.3115726
0.37907687
0.3659957
0.3464793
0.32484263
0.3057864
49-----------------2019_05_24_02_17
1.3487535
0.8828698
0.75503474
0.65937626
0.5844945
0.5374795
0.51494247
0.4950156
0.47696847
0.46006513
0.44289994
0.5125818
0.49533546
0.47860622
0.46312225
0.4478406
0.450993
0.4399234
0.42887396
0.41699368
0.4046344
0.478068
0.46744418
0.45553142
0.44298688
0.43092105
0.4140538
0.40705138
0.39982045
0.39326167
0.3869606
0.40069005
0.39428934
0.38671103
0.37863636
0.37118968
0.37353045
0.36623943
0.35930192
0.3528296
0.34672982
0.331706
0.32853955
0.32286757
0.3161744
0.31099087
0.32459426
0.32069203
0.31531024
0.3105561
0.30601805
0.35131183
0.34108138
0.32850555
0.31534413
0.30323723
0.385574
0.375664
0.3648317
0.3537539
0.34444597
0.38657415
0.38199666
0.37012732
0.3534946
0.34109357
0.3723752
0.36160147
0.3503266
0.33717668
0.32582816
0.40430516
0.3916753
0.37681687
0.36334532
0.35316622
0.46712953
0.45250863
0.43234733
0.41009068
0.3931668
0.525308
0.50553334
0.4815917
0.45877475
0.43791288
0.4472001
0.43591183
0.4190573
0.3971967
0.38455394
0.42131385
0.40299916
0.38998502
0.37687021
0.36581114
0.5351412
0.5254203
0.509449
0.49134684
0.47695175
0.4927789
0.4659328
0.44032738
0.42797244
0.41793448
0.499278
0.48186988
0.45789224
0.434153
0.41512445
0.47052073
0.45419335
0.43649977
0.41729963
0.40394354
0.46400392
0.45010796
0.4345727
0.41398633
0.3947057
0.40196612
0.38692176
0.36793637
0.34990656
0.33369258
0.38769138
0.3781274
0.36808997
0.35472727
0.3435801
0.412924
0.39031047
0.37783217
0.35619843
0.34665337
0.37662393
0.36522403
0.3562739
0.3488102
0.33931935
0.33537567
0.32596892
0.31546757
0.3037691
0.29462624
0.32102475
0.31190002
0.29604965
0.28326982
0.271621
0.24219163
0.23214164
0.22029883
0.21331877
0.20883307
0.32765687
0.3207561
0.3146183
0.30130473
0.2905774
0.28635386
0.2750991
0.26392704
0.25717965
0.251346
0.3031531
0.29348972
0.28105602
0.27076516
0.26472205
0.32720137
0.32215708
0.31481782
0.30707377
0.29754537
0.32701385
0.31566972
0.30352733
0.2947153
0.28936332
49-----------------2019_05_26_23_52
0.40697178
0.39043215
0.3710162
0.35581708
0.33891225
0.40061238
0.37874353
0.34774578
0.32526928
0.31074893
0.34668356
0.3324541
0.30877864
0.2870903
0.2767884
0.3805104
0.3643249
0.3511918
0.34204286
0.3329662
0.42536592
0.4031961
0.37693638
0.3606643
0.3476045
0.37603265
0.36673814
0.35479125
0.34063038
0.33033088
0.363114
0.34962243
0.3328801
0.31367624
0.30004492
0.31626895
0.30287826
0.2886272
0.2770549
0.26713288
0.40300888
0.385763
0.360856
0.3428867
0.32934618
0.3594337
0.3437404
0.32886866
0.31369275
0.30235046
0.4480316
0.4316425
0.41301137
0.39830798
0.38588154
0.36147445
0.3521844
0.34289306
0.33303824
0.32375902
0.37824875
0.3678849
0.35316205
0.33989465
0.32914972
0.39424843
0.38990906
0.38252267
0.37385052
0.36516485
0.3474484
0.33757383
0.32526362
0.3150983
0.3068576
0.35506293
0.3507092
0.34205192
0.3329842
0.32420474
0.34150937
0.3351002
0.32464886
0.31597358
0.3078082
0.3355686
0.3278786
0.3180431
0.3091126
0.3011438
0.35254285
0.34181234
0.32759774
0.31398275
0.3045563
0.36832333
0.3594277
0.35287702
0.34515256
0.33353335
0.36470482
0.35285175
0.33731955
0.3227513
0.31327543
0.33442396
0.32928404
0.3199383
0.30814183
0.2953306
0.43838876
0.42475933
0.41258967
0.39939696
0.3855765
0.38448125
0.3761694
0.36373603
0.35284197
0.34402978
0.36442995
0.3564688
0.34634376
0.33391345
0.32209867
0.3441381
0.3381096
0.3289719
0.32045424
0.31363347
0.35280782
0.34442717
0.33516246
0.3219781
0.30747098
0.42642444
0.41855004
0.41370586
0.4020943
0.3900955
0.34055147
0.33156565
0.32277545
0.31261736
0.30540985
0.35021845
0.34349006
0.33480927
0.32383192
0.3118406
0.38630575
0.38000584
0.36957055
0.357679
0.34593633
0.35318816
0.34007984
0.3329168
0.32656872
0.31902954
0.35058427
0.34374887
0.33219743
0.31803268
0.30925927
0.4218608
0.4078797
0.39065832
0.37752396
0.36813784
0.3393616
0.3337509
0.32628107
0.317567
0.30729687
0.37905607
0.37104076
0.35689634
0.34247577
0.32952368
0.32816258
0.31908143
0.30710942
0.29495993
0.2843655
0.39190513
0.3817582
0.3649727
0.3467868
0.33084488
0.42421237
0.41147473
0.40831625
0.394728
0.38415694
0.49463654
0.47831008
0.46147925
0.44950837
0.43145967
0.3646693
0.3602774
0.34939808
0.33922762
0.33053458
0.4132321
0.40044534
0.3915676
0.38242328
0.37112898
0.38076937
0.37413478
0.3655585
0.35602173
0.3476124
0.38275117
0.3717403
0.36165655
0.3482831
0.33738914
0.41215277
0.4054249
0.39424127
0.38140467
0.36759543
0.40917355
0.4007569
0.38627908
0.36916393
0.35268342
0.46113262
0.45083475
0.44005564
0.42928714
0.41258413
0.3403774
0.32639265
0.32689527
0.3128705
0.29876828
0.464975
0.4551651
0.4442745
0.4205792
0.40355912
0.4109681
0.40376097
0.39489353
0.3800642
0.36701617
99-----------------2019_05_27_00_09
0.41611487
0.40630692
0.3918509
0.38132048
0.3704029
0.45578605
0.44812655
0.4430794
0.42951673
0.41595477
0.4814862
0.4660781
0.45177805
0.43058574
0.41260946
0.4353984
0.4265381
0.4075392
0.38928902
0.3743899
0.39392468
0.3839246
0.37543485
0.36686248
0.35629347
0.45432627
0.44251576
0.4281267
0.40696067
0.39559606
0.41735598
0.4065674
0.39211035
0.37746367
0.36512837
0.4249095
0.4122537
0.4004476
0.3862834
0.3715918
0.3969226
0.3903432
0.3821699
0.37431768
0.36740595
0.40108225
0.38949198
0.38093543
0.3707502
0.36151767
0.43281323
0.4262458
0.41456828
0.40277088
0.39172873
0.41595113
0.40672958
0.39209092
0.37767684
0.36812174
0.45478094
0.43261546
0.42713982
0.4209392
0.40593708
0.41672558
0.4107253
0.40583295
0.38382897
0.369945
0.40050086
0.38975513
0.37457877
0.36356005
0.3553533
0.40464568
0.39848453
0.38726383
0.37586683
0.3662307
0.42438486
0.41636765
0.40505674
0.39368454
0.38343686
0.44165522
0.43035084
0.41195077
0.39507034
0.3809742
0.37749046
0.36625147
0.35605276
0.34365433
0.33057576
0.45246443
0.4442016
0.4321183
0.4206394
0.41211316
0.4409843
0.4333281
0.42160648
0.40793452
0.39605364
0.4248873
0.41209152
0.39510885
0.37817776
0.36459008
0.44858545
0.44040912
0.4252379
0.40853596
0.39566776
0.44898748
0.43326378
0.414746
0.3959912
0.3802307
0.43714914
0.42668837
0.4141785
0.4030432
0.391584
0.4594015
0.44309145
0.4243493
0.40114838
0.3849929
0.44149774
0.42817158
0.41426024
0.39765614
0.37919116
0.46950448
0.4561224
0.4387695
0.42320246
0.40888238
0.5025182
0.487857
0.47315124
0.4564625
0.44210958
0.47509253
0.45478398
0.43035737
0.40927762
0.396541
0.4309957
0.42290145
0.41050947
0.39753595
0.385477
0.43850276
0.43180913
0.4212926
0.4102656
0.39798895
0.44508737
0.43889225
0.4260469
0.41135436
0.3978253
0.404533
0.39893514
0.3916239
0.38297218
0.37435618
0.3888992
0.37988096
0.36729005
0.3537891
0.34108698
0.4957653
0.48721364
0.4765299
0.46302205
0.44969526
0.4503178
0.44447845
0.43384564
0.42276904
0.41287166
0.39626592
0.3889818
0.38034344
0.37116614
0.36142522
0.48802984
0.47927406
0.46563682
0.45223856
0.44024867
0.5106784
0.4996148
0.4851054
0.46607217
0.446402
0.44537616
0.4390862
0.42402357
0.40636605
0.39021993
0.46988416
0.4628445
0.45084012
0.43642688
0.4232766
0.43707347
0.42640686
0.4144845
0.3974208
0.38251385
0.45836616
0.44820315
0.436245
0.42255703
0.40617657
0.5044518
0.48939213
0.46684283
0.44464615
0.42777947
0.4603303
0.4520156
0.43945113
0.42260534
0.41054946
0.45422092
0.44010556
0.42419153
0.40242523
0.38673317
0.49164096
0.48281276
0.4699098
0.45323637
0.43849584
0.53147423
0.5175717
0.49661285
0.47573605
0.45937955
0.5031024
0.49415088
0.47769287
0.45944852
0.4441254
149-----------------2019_05_27_00_34
0.5434821
0.53041047
0.5141735
0.49060118
0.4699716
0.5080015
0.49420884
0.48167866
0.4571066
0.43455723
0.5131365
0.4978365
0.48211062
0.45984554
0.4491611
0.53067714
0.51821315
0.49516967
0.4684384
0.44856545
0.5726561
0.56355584
0.5481081
0.5243185
0.50401217
0.58607024
0.57138884
0.5477753
0.52286863
0.50082946
0.51437426
0.50100446
0.48496136
0.4590382
0.43834996
0.5782441
0.55814344
0.5346281
0.5136666
0.494405
0.5363513
0.5244258
0.50630826
0.49059606
0.47606215
0.58223987
0.56965643
0.5462012
0.52260077
0.5011116
0.62372106
0.60795534
0.5830244
0.5532722
0.53019017
0.60511136
0.58099055
0.55451876
0.517633
0.49847645
0.58568585
0.5797614
0.56822824
0.55378807
0.5361704
0.5827066
0.567811
0.5548044
0.5327153
0.5125148
0.5894991
0.57914615
0.5637067
0.5432185
0.52125764
0.5582578
0.5465423
0.52792907
0.50529736
0.4844733
0.542709
0.5296878
0.50804853
0.4849213
0.46541867
0.55653536
0.54086673
0.5228295
0.5042982
0.4864648
0.572106
0.55768263
0.53053284
0.50437564
0.4854633
0.54117453
0.5313244
0.51551735
0.49723613
0.47789946
0.53073823
0.5203634
0.5032207
0.4805035
0.46323133
0.522771
0.5064111
0.49188846
0.46829838
0.45194852
0.577734
0.56192446
0.5383992
0.51297855
0.4895972
0.57058495
0.55693686
0.5348848
0.5109616
0.4886544
0.5794983
0.5628534
0.5406829
0.5166612
0.49477455
0.5543941
0.5462942
0.5311517
0.51267064
0.49458292
0.5178863
0.5075189
0.48866382
0.4669119
0.44770795
0.55388623
0.5373478
0.51637506
0.49380818
0.47454068
0.5252737
0.5167548
0.50143594
0.48348898
0.4646122
0.5316547
0.52438927
0.51189625
0.4956816
0.47845823
0.6150474
0.60234857
0.57933176
0.55214906
0.52765936
0.5461285
0.5370839
0.51912755
0.4981791
0.4774816
0.5800096
0.5671971
0.5464291
0.5249799
0.50771564
0.6168901
0.6075695
0.5908003
0.56919366
0.54650307
0.5472721
0.5329572
0.51334226
0.4915763
0.47434032
0.475634
0.46218133
0.44277966
0.42275554
0.4048701
0.54021955
0.52836806
0.5091406
0.4854703
0.46451187
0.58730745
0.5747991
0.5568176
0.5375551
0.5179392
0.57987416
0.56930554
0.5490564
0.5257026
0.5027461
0.52660155
0.51792634
0.5022756
0.48263067
0.46245173
0.5682892
0.5607811
0.54813117
0.531385
0.51331663
0.5779122
0.5639962
0.5486391
0.52647185
0.50287884
0.5699315
0.55814636
0.5413514
0.5160693
0.4917411
0.60413903
0.58938324
0.5653422
0.542588
0.5201711
0.5600637
0.548221
0.5333576
0.5153682
0.500762
0.56565887
0.5532154
0.53551936
0.5167835
0.4987326
0.5407484
0.52682066
0.50612545
0.48409468
0.4655221
0.5409575
0.52793634
0.51344466
0.48796815
0.46738824
0.573871
0.5569849
0.5332522
0.5096692
0.4915379
0.5568598
0.5432008
0.5208912
0.49764484
0.47383514
199-----------------2019_05_27_01_16
0.55118
0.53860795
0.52146244
0.49554554
0.47458774
0.5252168
0.51278126
0.49394327
0.4726324
0.45361257
0.5574086
0.54350615
0.52221215
0.4988483
0.4802281
0.5587702
0.54319996
0.52398765
0.50520355
0.48898804
0.5373879
0.52798635
0.5126365
0.49477762
0.47754407
0.52261937
0.5084742
0.4914509
0.47281855
0.45262164
0.5628834
0.55652857
0.5429198
0.52828526
0.5119473
0.5194778
0.50853074
0.49496552
0.48113316
0.46796364
0.5073189
0.49763763
0.4802548
0.4603411
0.44276077
0.5297296
0.51793456
0.49955162
0.4790578
0.4611118
0.50267005
0.48914224
0.47316056
0.4509453
0.432662
0.5519142
0.54022753
0.5218469
0.49872893
0.4739517
0.5066272
0.49447128
0.4773596
0.45851457
0.439063
0.52745456
0.50844014
0.49281368
0.46672893
0.45156458
0.53528965
0.52038336
0.50092536
0.48199028
0.46222407
0.54426664
0.5335985
0.5126499
0.4898235
0.46800604
0.52293026
0.50624704
0.4843583
0.46150315
0.44318858
0.46344078
0.45222682
0.43531996
0.41898835
0.40555924
0.4948258
0.48094124
0.46141982
0.44115162
0.42308706
0.4968002
0.4828567
0.46434292
0.44527152
0.4281335
0.51115054
0.49098974
0.4608914
0.43293202
0.41058397
0.47037968
0.46230066
0.446921
0.42930454
0.41288194
0.50410205
0.48686728
0.46956736
0.44631702
0.42655015
0.537518
0.5213994
0.49974412
0.4795966
0.46419185
0.49180567
0.47996765
0.4692434
0.44605032
0.42466742
0.49439472
0.48179567
0.4645837
0.4457084
0.42960107
0.5617598
0.54876244
0.53279734
0.51283896
0.49192342
0.50463843
0.49483618
0.4780656
0.46070123
0.44143626
0.53420377
0.52114105
0.5018045
0.47671694
0.45418972
0.52049696
0.50497556
0.48153567
0.4589149
0.43893057
0.5789998
0.56975913
0.55177
0.5303289
0.50859237
0.543889
0.5361229
0.5183831
0.495654
0.47292882
0.5405046
0.53191406
0.51620567
0.4992662
0.48207903
0.55201215
0.5378018
0.5187307
0.49780685
0.47721168
0.5519649
0.54393446
0.5280765
0.50993854
0.48968735
0.5288278
0.5153536
0.49651575
0.4786322
0.46273553
0.5413178
0.529999
0.515528
0.49672067
0.4798596
0.5300395
0.51568466
0.50659084
0.48541164
0.4673204
0.54070777
0.53026056
0.5125103
0.4904115
0.46966463
0.57501256
0.5549219
0.52908266
0.5045739
0.4799093
0.5333328
0.5197331
0.5007397
0.48108286
0.46223253
0.5387822
0.5211732
0.49368495
0.46935073
0.44954962
0.5476635
0.5289908
0.5092548
0.47570089
0.4530189
0.5246506
0.51600754
0.4943816
0.4747491
0.45315695
0.55696315
0.53068817
0.5055461
0.47773296
0.46018916
0.5351866
0.5200015
0.4908237
0.46769577
0.45040643
0.55054545
0.5385022
0.51287735
0.4890484
0.47094724
0.58009756
0.55029356
0.53873277
0.49442425
0.48541763
0.5434044
0.5254551
0.47943866
0.45740575
0.43276298
0.5439695
0.5316713
0.50858164
0.475165
0.44924167
249-----------------2019_05_27_02_16
0.53715825
0.5249686
0.50352263
0.47575113
0.44869643
0.54573584
0.5310571
0.50922227
0.4780376
0.4565873
0.50894606
0.4895031
0.46627694
0.44493565
0.4246872
0.5419136
0.5239338
0.49602595
0.46738964
0.44352272
0.56601864
0.54333794
0.5120093
0.48488787
0.4624985
0.56054926
0.5481672
0.5285152
0.5002768
0.47216117
0.58750993
0.5572014
0.5255259
0.48937014
0.4633987
0.6079993
0.59023994
0.56703836
0.54441994
0.5219438
0.5806212
0.55843115
0.53148115
0.5018372
0.47901797
0.5693593
0.5594961
0.54060876
0.5167984
0.492535
0.48587266
0.46988153
0.4499541
0.42913562
0.4062537
0.5217661
0.50863934
0.48813695
0.46821782
0.44869113
0.53073865
0.5133722
0.49041337
0.46635413
0.4412442
0.5456071
0.5286625
0.4962849
0.46402654
0.4361568
0.5646468
0.5480059
0.5152075
0.48399195
0.46264148
0.58755696
0.56987095
0.54758215
0.5181991
0.49559706
0.5714952
0.56197023
0.5440028
0.51840615
0.4952489
0.52267754
0.5032971
0.47967917
0.45968837
0.44110507
0.5361253
0.52094066
0.49808636
0.47385275
0.45092764
0.52903247
0.5135553
0.49803326
0.4674451
0.44859248
0.5515915
0.53807825
0.5191832
0.49937317
0.47862357
0.47367692
0.45728147
0.43631923
0.41842377
0.40314013
0.5011916
0.48274863
0.46146125
0.4413916
0.42384735
0.56161225
0.55274117
0.5309429
0.5042789
0.4784961
0.4910644
0.4783011
0.45743632
0.43595925
0.41600096
0.49931604
0.4896981
0.47182912
0.44960493
0.4254515
0.5259841
0.50662076
0.47696114
0.44960994
0.4283886
0.50438124
0.48664793
0.45472077
0.4254269
0.4026969
0.45975932
0.45232865
0.44027638
0.4245807
0.40650654
0.4779874
0.4538807
0.43704665
0.40460718
0.37912035
0.4589234
0.4410793
0.41393372
0.38811493
0.36774117
0.4411133
0.42757756
0.40977004
0.39020896
0.3732699
0.43721753
0.42752826
0.40944326
0.3874888
0.36740834
0.3957905
0.3854697
0.3692536
0.35120696
0.3349678
0.43543008
0.42665365
0.410986
0.39212143
0.37207884
0.4331955
0.4173619
0.3973276
0.37813807
0.36449176
0.44295073
0.43690908
0.42466617
0.40920722
0.39093554
0.41073847
0.3994517
0.38355324
0.3673718
0.3507478
0.42222804
0.40834394
0.3887139
0.37007815
0.35473627
0.40175104
0.38701788
0.36626667
0.34556323
0.328686
0.40054393
0.39321226
0.37622714
0.35896713
0.34145874
0.44535995
0.43573686
0.41817498
0.4029578
0.3857735
0.46746245
0.45004964
0.43704373
0.41618198
0.401839
0.419058
0.4098451
0.39568853
0.3784426
0.36410162
0.42721775
0.41738492
0.40347147
0.387325
0.3722232
0.45586747
0.4456737
0.42876816
0.40825284
0.3918875
0.40508646
0.39381126
0.3778826
0.3643439
0.35198647
0.3998612
0.39033687
0.37487003
0.35864416
0.3446562
0.4446568
0.43358338
0.41190755
0.38955393
0.37143797
0.4258372
0.40959466
0.398601
0.38134313
0.3672213
299-----------------2019_05_27_03_42
0.39067054
0.37548846
0.36377984
0.34569347
0.33309036
0.3804528
0.36650375
0.34716457
0.3294546
0.3159458
0.41652453
0.40683025
0.3908018
0.37035307
0.35339928
0.45341626
0.43931288
0.4205224
0.4021896
0.38454458
0.44771641
0.42935807
0.41212577
0.3919807
0.37708962
0.42891288
0.41065803
0.38989204
0.36283493
0.34772027
0.37922117
0.3652956
0.34455514
0.32674426
0.31697106
0.44564646
0.4325416
0.40733844
0.3864619
0.37128899
0.46605358
0.45250577
0.43299234
0.41420174
0.39972317
0.45414287
0.43642017
0.411462
0.38867703
0.37260252
0.4701784
0.4571692
0.4367181
0.41614842
0.39887667
0.4425754
0.4222648
0.39430594
0.37187862
0.35865283
0.50615764
0.49340785
0.46791053
0.44387156
0.4196589
0.46205562
0.45210323
0.4326634
0.41029477
0.39109278
0.43755698
0.42093658
0.39810115
0.37982568
0.36222112
0.45984286
0.4478129
0.4279085
0.40325147
0.37880617
0.44171107
0.42892683
0.40741187
0.38396716
0.36476707
0.44685113
0.4382178
0.4198265
0.40082133
0.3851881
0.44084054
0.42730904
0.4068195
0.3847413
0.36518985
0.45834303
0.44306767
0.4200766
0.39046133
0.3677892
0.49493954
0.48325437
0.4622693
0.44213694
0.42428586
0.49549764
0.48428762
0.46437913
0.441419
0.42494738
0.46226537
0.44864613
0.4279619
0.4079407
0.3900462
0.4499232
0.43245947
0.4209314
0.39560658
0.3784195
0.48172018
0.46740827
0.4529559
0.43354225
0.41693923
0.5151692
0.5005889
0.4789303
0.45713174
0.4362348
0.5078204
0.4945731
0.47420833
0.4523601
0.43323392
0.4923928
0.48034883
0.46452153
0.44803363
0.4331542
0.45659286
0.44238755
0.4223954
0.4045925
0.3919369
0.5126929
0.49592197
0.47417852
0.452759
0.43200243
0.4553755
0.44220382
0.4222517
0.40108183
0.37965798
0.46817416
0.4541661
0.43940824
0.42153314
0.4061231
0.50338876
0.48520485
0.45956618
0.43380177
0.41569114
0.468486
0.45681792
0.4368862
0.41679567
0.4018296
0.48659867
0.46686408
0.44055057
0.41603917
0.3956723
0.47753108
0.46772686
0.44809398
0.42712772
0.4096509
0.558282
0.5372343
0.5110152
0.49010158
0.47460115
0.47588652
0.46687716
0.45319933
0.4384017
0.4238258
0.49201816
0.48156494
0.46560335
0.449291
0.43594897
0.47971928
0.464342
0.44754678
0.4271397
0.40853313
0.41931623
0.41052443
0.39531362
0.37608683
0.3600055
0.4723615
0.45747936
0.43849933
0.41930887
0.40557337
0.47523946
0.46447593
0.44602096
0.42797935
0.41401604
0.4683863
0.45942652
0.44562274
0.4293865
0.4146335
0.4367476
0.42199138
0.40604413
0.38570577
0.37536782
0.44610596
0.43076968
0.40578437
0.38138586
0.36238053
0.45586902
0.44208696
0.41939813
0.40386176
0.3910749
0.4495795
0.44006765
0.42590502
0.41053396
0.39578062
0.43129957
0.42189276
0.4074201
0.39088583
0.3762966
0.47359967
0.45458588
0.4288574
0.41082045
0.39699447
349-----------------2019_05_27_05_39
0.41181618
0.4018156
0.38587117
0.36925757
0.35380125
0.3973592
0.38627836
0.3731685
0.3568982
0.34347993
0.421306
0.41066766
0.39593577
0.37969333
0.3655226
0.4923824
0.4779779
0.4564308
0.4388492
0.4250197
0.40598983
0.39155236
0.37246725
0.35604143
0.3440209
0.44186556
0.43170148
0.41558498
0.3981207
0.38478082
0.4773666
0.46532443
0.45398998
0.43437558
0.4189493
0.42994016
0.4170898
0.4010531
0.3843559
0.36891648
0.4141056
0.40126067
0.38278311
0.36538896
0.35035565
0.41290492
0.39961052
0.38631743
0.37459588
0.3620426
0.4474246
0.44186175
0.42468053
0.40801397
0.39425564
0.4440598
0.4340918
0.4206711
0.40334466
0.3918235
0.40397674
0.38244814
0.36288467
0.338561
0.32360458
0.38311017
0.3714168
0.36200306
0.35009682
0.34202808
0.40781614
0.39528245
0.38123536
0.36686975
0.3565442
0.45457703
0.44303387
0.42531562
0.40754762
0.39474827
0.37203097
0.36547357
0.35378253
0.3420061
0.33104628
0.3606425
0.35027295
0.33670896
0.32507068
0.3144057
0.3585782
0.35005882
0.3385467
0.32393128
0.31090838
0.30527836
0.2966684
0.28207827
0.26490152
0.2522213
0.37100583
0.3663883
0.3563606
0.3411176
0.326483
0.32624304
0.3207702
0.31317455
0.3041235
0.2958453
0.33374244
0.32376844
0.31116226
0.30026454
0.2910635
0.3184851
0.3103437
0.2958371
0.28667897
0.27824843
0.33831602
0.3296431
0.31431204
0.30087408
0.29309684
0.3480557
0.3360554
0.3236675
0.30972856
0.30034617
0.33140123
0.32072175
0.30640176
0.29246294
0.28042477
0.32239568
0.31260693
0.29968917
0.28860313
0.28120524
0.32300013
0.3092604
0.29328546
0.2802022
0.27131537
0.28414226
0.27390268
0.2618947
0.25224823
0.24437961
0.34676918
0.33871925
0.3291418
0.31898817
0.31142926
0.28646442
0.27650815
0.26695168
0.25635934
0.24689654
0.2983366
0.2885651
0.27700078
0.26833102
0.26283452
0.28257883
0.27642357
0.26998404
0.26066792
0.25065055
0.35625494
0.34395832
0.32320088
0.30401045
0.28915256
0.33648777
0.3302676
0.31634235
0.30577177
0.2972939
0.36705822
0.3617965
0.35390282
0.34379637
0.33373308
0.33478156
0.3314681
0.3241257
0.3131929
0.30498564
0.25539583
0.24596924
0.23390226
0.22369367
0.21592847
0.30095947
0.29660657
0.29047835
0.28113008
0.2716828
0.3544892
0.3435501
0.32908204
0.31700748
0.30748868
0.36409044
0.34881303
0.3388423
0.32069647
0.3111915
0.41893405
0.4059256
0.39538056
0.37352812
0.3622805
0.3823256
0.37154704
0.35917008
0.346268
0.33335358
0.37676248
0.35997015
0.34205887
0.33236325
0.32216573
0.3711202
0.36133498
0.3491947
0.33840466
0.3299551
0.34844202
0.3365054
0.32139778
0.30949846
0.30061272
0.40360752
0.39576495
0.3851202
0.37252742
0.36447465
0.37472498
0.35961273
0.3443465
0.33095416
0.3189497
0.3749154
0.36813474
0.36061078
0.35024267
0.34540778
399-----------------2019_05_27_08_07
0.40411264
0.39419323
0.3818516
0.36820593
0.35550016
0.40913373
0.40063405
0.39024425
0.37865815
0.367018
0.38826317
0.38257593
0.36972427
0.35413584
0.33854026
0.43892187
0.4162975
0.40576872
0.38119972
0.36363932
0.4363613
0.42807418
0.41280335
0.39967632
0.38924646
0.42312935
0.4129028
0.39906496
0.38613713
0.3737056
0.4418179
0.42623004
0.40715134
0.391284
0.3765823
0.41028762
0.39149407
0.36652875
0.34598798
0.8087928
0.50489664
0.5081655
0.4542016
0.41194496
0.35813892
0.33796912
0.32187977
0.30687147
0.29324734
0.33526427
0.3222388
0.31083378
0.2995239
0.28918117
0.27452767
0.26601952
0.259427
0.25307858
0.24562101
0.45480955
0.4484421
0.43839264
0.427608
0.41695845
0.4771712
0.46307743
0.4574974
0.4484511
0.43639058
0.40352273
0.39736843
0.38802823
0.38035673
0.3749549
0.43418026
0.4234529
0.40786326
0.39827204
0.38961166
0.45021278
0.44373697
0.4313446
0.41710156
0.40309396
0.47017354
0.4455223
0.4321371
0.4169066
0.40774074
0.5200956
0.49863213
0.4780803
0.4584992
0.4434082
0.43123585
0.41656107
0.40176374
0.38594866
0.3718841
0.48867232
0.47237915
0.45114782
0.43340862
0.41585666
0.42473203
0.41244873
0.39891335
0.38488176
0.3702019
0.45157707
0.43950546
0.42255026
0.4054409
0.38928086
0.50789833
0.48916066
0.47120366
0.45693183
0.4435439
0.49409467
0.47224897
0.46437424
0.44342524
0.42058274
0.43716785
0.4255094
0.410796
0.39640954
0.38575566
0.40087855
0.38891476
0.36881882
0.3473958
0.33203948
0.4194344
0.41202456
0.40047678
0.39050806
0.38143843
0.43027765
0.42056796
0.4070024
0.3915568
0.3794693
0.39141384
0.37907764
0.36684018
0.35372972
0.3452407
0.38259932
0.3745015
0.36226767
0.34766132
0.3323299
0.3590917
0.3486073
0.33498842
0.32533866
0.3161915
0.44400346
0.42889062
0.4157409
0.39817876
0.3790916
0.41211206
0.4108165
0.39580014
0.377861
0.36222234
0.42132902
0.40410125
0.39075333
0.38235468
0.3766191
0.40893915
0.39419705
0.3769257
0.36199594
0.34726965
0.41227478
0.40067875
0.38574734
0.3641463
0.34705448
0.39196986
0.38271612
0.37616652
0.36139178
0.34352082
0.34910268
0.32614815
0.31398118
0.30778253
0.29483536
0.3686801
0.35911137
0.3484652
0.33793807
0.32879388
0.35418946
0.34519887
0.33483574
0.3228618
0.3103277
0.40176573
0.38830334
0.37076613
0.35645142
0.34725586
0.42344895
0.41133726
0.39415184
0.37836874
0.36259556
0.38823798
0.3750702
0.35899708
0.3431539
0.33099163
49-----------------2019_05_29_10_42
0.41786867
0.40761614
0.39377648
0.37832496
0.36035338
0.39736158
0.37952355
0.35704648
0.33792627
0.3267364
0.4094925
0.39562374
0.37994993
0.36238393
0.3502922
0.39410427
0.37856376
0.35969743
0.34288383
0.33146125
0.39486587
0.38203263
0.37116638
0.3534284
0.34143576
0.40816998
0.38850483
0.36970437
0.35913956
0.35118228
0.38952544
0.37240744
0.35819632
0.3410505
0.32960367
0.3813035
0.37297538
0.35628068
0.3408568
0.32913768
0.3763095
0.36682016
0.35431138
0.34315294
0.33285397
0.3746704
0.3616196
0.34347114
0.32805994
0.31740546
0.3819971
0.37570667
0.36677313
0.35860538
0.3512662
0.35595688
0.34615797
0.33736628
0.32873774
0.31984156
0.34384525
0.33726168
0.32866514
0.3200668
0.312146
0.3834035
0.3758238
0.3679281
0.35914177
0.34792766
0.41890627
0.4092751
0.3985374
0.38584948
0.3737195
0.42662495
0.42096865
0.41365692
0.4070918
0.4000926
0.44975573
0.44228578
0.43411663
0.42628598
0.41987753
0.44245568
0.42506033
0.4200307
0.4124859
0.39835805
0.50795424
0.5024468
0.49280238
0.4835405
0.47491872
0.47118115
0.46389917
0.4585107
0.4531437
0.4457484
0.515216
0.5065025
0.49560833
0.48727983
0.47866556
0.5233456
0.506788
0.4918988
0.4825505
0.4709605
0.52720875
0.52345514
0.51577973
0.5056708
0.4951972
0.52058864
0.5107693
0.4978635
0.4889582
0.4769332
0.4200781
0.41349974
0.40507317
0.3980497
0.39045238
0.48003143
0.47155282
0.4612633
0.45221543
0.44201875
0.49485373
0.4859919
0.4752216
0.4631446
0.45494074
0.4438511
0.43233243
0.42241207
0.41278744
0.40129435
0.45889407
0.4547487
0.44793504
0.44023824
0.43227237
0.43357593
0.42942137
0.42436153
0.41932303
0.41409898
0.46970797
0.4640866
0.4544093
0.44425398
0.43445712
0.5070504
0.4964034
0.48574883
0.4759065
0.46715906
0.5209631
0.5131255
0.5014093
0.49021596
0.47868568
0.47746146
0.4714227
0.46174383
0.45167112
0.4433859
0.53836524
0.5298505
0.5165268
0.5041117
0.49337167
0.550128
0.54105616
0.529071
0.5170243
0.504825
0.5412479
0.53120863
0.5175992
0.50251126
0.48932266
0.44144782
0.4341828
0.42016712
0.40678123
0.39555866
0.53030694
0.5214354
0.5084034
0.4949879
0.48421407
0.5583384
0.5490225
0.5332806
0.51552224
0.49847633
0.49546626
0.48360553
0.46964568
0.45635176
0.44441742
0.51876175
0.5093462
0.49625295
0.48190665
0.46865386
0.49567884
0.4864053
0.47737533
0.46595395
0.45011938
0.51776385
0.504427
0.49127263
0.48533136
0.4657316
0.511963
0.5018905
0.49589753
0.47419244
0.45940155
0.4612908
0.45687234
0.44685894
0.4380214
0.42872903
0.46874282
0.4546616
0.43788004
0.42376035
0.41281033
0.46246213
0.45414066
0.43990773
0.42830166
0.4197439
0.46348017
0.45524788
0.4445067
0.43230355
0.42136618
0.50662667
0.4965236
0.47927278
0.4598472
0.44146156
99-----------------2019_05_29_10_59
0.45033687
0.4312011
0.42284518
0.4162077
0.39987546
0.491699
0.4795733
0.46228307
0.44331056
0.42863226
0.4827216
0.4708783
0.45521364
0.43827447
0.42475355
0.48057178
0.47195095
0.4599292
0.44453102
0.43125367
0.49997658
0.48868185
0.47567105
0.46332893
0.45154917
0.47445402
0.46331352
0.44746736
0.43205175
0.42019537
0.44437903
0.4360144
0.42358375
0.40737885
0.39417532
0.5001995
0.48838967
0.47739428
0.4591579
0.44252238
0.47413093
0.46067232
0.4475565
0.433483
0.41617262
0.5419663
0.5316061
0.5123415
0.4889526
0.4654435
0.49859846
0.48779115
0.46848708
0.45676747
0.44133544
0.49539727
0.48741865
0.47134182
0.4577758
0.44591853
0.5020567
0.4899233
0.47315097
0.45852518
0.4440095
0.5088724
0.50086355
0.4871601
0.47241348
0.457901
0.47716665
0.46787736
0.45220327
0.43469527
0.41602835
0.5044297
0.4945473
0.48032683
0.46366778
0.446853
0.48628998
0.47666457
0.46005046
0.4400454
0.42360827
0.5083224
0.5003124
0.48757917
0.4735475
0.45883077
0.5189052
0.50726265
0.4893123
0.472497
0.45846593
0.49239683
0.48412746
0.47381294
0.45864323
0.4435538
0.5076816
0.49499503
0.47946534
0.46241897
0.4441265
0.52354753
0.5141499
0.49689752
0.47799686
0.46227765
0.54669887
0.5358192
0.5217389
0.5080108
0.4924451
0.5680673
0.5579932
0.54262584
0.5260914
0.50859773
0.5602907
0.546117
0.52562535
0.5088494
0.49433315
0.54927874
0.53621215
0.51854384
0.50115895
0.48499975
0.54569864
0.53369486
0.5183223
0.50191194
0.48547423
0.5390712
0.527513
0.5133344
0.49684975
0.4796175
0.5358647
0.52667004
0.51115906
0.4955201
0.483144
0.55461776
0.5430294
0.52544206
0.5052555
0.48251197
0.52346927
0.5142192
0.5001087
0.48488402
0.4690593
0.56160194
0.5547034
0.5417506
0.52439064
0.50566584
0.54406637
0.5342127
0.5189233
0.50027144
0.4825737
0.5950227
0.5837684
0.56801134
0.55162597
0.534456
0.55867183
0.540483
0.5233413
0.5005819
0.4795675
0.54024446
0.53319186
0.5184635
0.49973428
0.48252812
0.58144474
0.56877726
0.55055726
0.5297175
0.5103097
0.5577585
0.541393
0.5254231
0.50244856
0.48135227
0.54510367
0.5339668
0.52060425
0.506241
0.4895335
0.51214755
0.49662888
0.47709602
0.4565339
0.43519646
0.5927768
0.5835775
0.5679617
0.54921174
0.5295615
0.5538354
0.5412471
0.52021515
0.49777216
0.4756392
0.5632254
0.5508251
0.52793896
0.50513434
0.4861158
0.5270026
0.51526445
0.4997662
0.48141494
0.46459174
0.61634433
0.59849066
0.57564116
0.5519562
0.53052497
0.5638952
0.5503675
0.5290741
0.5070659
0.4883204
0.5718123
0.55965537
0.53891635
0.5157459
0.49581936
0.5617186
0.54801667
0.5285357
0.50429916
0.4837481
0.5608065
0.54443824
0.5234169
0.4994669
0.48059353
0.5902361
0.5811343
0.567851
0.5527625
0.53556347
149-----------------2019_05_29_11_25
0.58860135
0.57992864
0.5654632
0.5468044
0.5278336
0.5553558
0.5445384
0.5282798
0.5112205
0.4941388
0.5421767
0.5332062
0.5173296
0.49816144
0.4789952
0.62798834
0.6165218
0.60032326
0.5833137
0.5650109
0.55123466
0.5352211
0.5126421
0.49258777
0.4749543
0.5765177
0.5672654
0.5540302
0.53887445
0.5238044
0.5454732
0.5356723
0.52184
0.5019861
0.48391107
0.49795043
0.48665428
0.46835893
0.45066229
0.43485007
0.5402369
0.52614987
0.5058889
0.48683912
0.47196096
0.5426995
0.5309143
0.51647806
0.49996188
0.48228222
0.53524196
0.52586126
0.51529473
0.5014256
0.4848736
0.57596993
0.5653242
0.5480222
0.5283476
0.50904787
0.5491371
0.5376426
0.5221724
0.5041009
0.48529285
0.5421277
0.530332
0.5110507
0.49114814
0.47419953
0.5202328
0.5074723
0.4876592
0.46448654
0.44617754
0.5391434
0.52709985
0.50895137
0.48973936
0.474035
0.544973
0.5368619
0.52438307
0.50837517
0.49339768
0.5511391
0.53198946
0.5088539
0.48603302
0.4670483
0.5463684
0.5351125
0.5166711
0.49847427
0.48314053
0.5336104
0.5194036
0.5043224
0.49158457
0.47704685
0.57815456
0.56910443
0.5479931
0.52515936
0.50465757
0.5390857
0.52598804
0.51029384
0.49438757
0.48224324
0.49906743
0.48997983
0.47770953
0.46362746
0.44931895
0.5487958
0.53497577
0.514962
0.4978659
0.48390278
0.56992805
0.55550516
0.53508234
0.51527905
0.49677187
0.57058394
0.55912316
0.5373064
0.5168146
0.49739367
0.5409637
0.52678204
0.5059289
0.48704356
0.47066692
0.49732178
0.48390612
0.4732409
0.46042123
0.4443974
0.6108154
0.5976546
0.5776664
0.5592512
0.5419798
0.5671728
0.55736136
0.5421746
0.52029645
0.500914
0.58341545
0.5685946
0.5478422
0.5269027
0.5051106
0.58682364
0.5738255
0.5506777
0.5232017
0.50130093
0.5349746
0.5242228
0.50679994
0.4867481
0.46665508
0.56145155
0.5503162
0.53277826
0.5117552
0.49182445
0.5447601
0.5274546
0.50811464
0.47805688
0.458835
0.6013105
0.59014404
0.57025695
0.5494232
0.5291724
0.52472955
0.5158345
0.5036827
0.4890832
0.47216314
0.5260331
0.5172448
0.50420296
0.487661
0.4747538
0.5524141
0.5406662
0.52348816
0.5061928
0.4909358
0.5430382
0.53178984
0.51446104
0.49565828
0.47916284
0.57026565
0.5635785
0.5515038
0.53707737
0.5237082
0.5090177
0.50029206
0.4818795
0.4616493
0.44594082
0.5388391
0.5305198
0.5177436
0.50220716
0.4884517
0.53924716
0.52662975
0.5071639
0.48762122
0.4713081
0.5002852
0.484736
0.46930698
0.45372123
0.4386504
0.51336014
0.50210565
0.4816864
0.46133482
0.44593197
0.51161695
0.50237256
0.48647147
0.4648345
0.44453204
0.53648186
0.52744424
0.512772
0.4957865
0.47665435
0.5639981
0.5513743
0.5333092
0.51480204
0.49462086
0.52769756
0.5120752
0.49718648
0.48041728
0.4603962
199-----------------2019_05_29_12_07
0.5728494
0.5617379
0.54475135
0.5209409
0.5027031
