1.5116549
1.921875
1.921875
1.921875
1.921875
1.9453125
1.9453125
1.9453125
1.9453125
1.9414062
1.8710938
1.890625
1.9179688
1.921875
1.9296875
1.890625
1.890625
1.9140625
1.9179688
1.9257812
1.9257812
1.9570312
1.9101562
1.875
1.9023438
1.90625
1.8671875
1.8631722
1.859375
1.8476562
1.796875
1.7890625
1.7851562
1.765625
1.8320312
1.8203125
1.8515625
1.8320312
1.8125
1.8164062
1.859375
1.875
1.8476562
1.8984375
1.8671875
1.8867188
1.9023438
1.9492188
1.9296875
1.9453125
1.890625
1.9101562
1.9179688
1.9101562
1.9375
1.9453125
1.9648438
1.9609375
1.9570312
1.9570312
1.8945312
1.8710938
1.8789062
1.8867188
1.90625
1.859375
1.828125
1.828125
1.8359375
1.8203125
1.7968746
1.8710938
1.9257812
1.9375
1.9453125
1.90625
1.921875
1.9101562
1.9414062
1.9140625
2.0039062
1.9921875
1.9609375
1.9960938
2.0039062
1.9179688
1.8984375
1.890625
1.875
1.8828125
1.84375
1.859375
1.859375
1.8789062
1.8710938
1.8867188
1.8554688
1.8632812
1.8984375
1.8828125
1.8515625
1.8515625
1.84375
1.8515625
1.8632812
1.9101562
1.9257812
1.9101562
1.8945312
1.9335938
1.8710938
1.8789062
1.8671875
1.8867188
1.8789062
1.9023438
1.9257812
1.9296875
1.9296875
1.8984375
1.953125
1.9570312
1.9296875
1.9140625
1.9140625
1.8945312
1.8828125
1.8867188
1.9023438
1.8867188
1.84375
1.8398438
1.8398438
1.8398438
1.8398438
1.96875
1.984375
1.96875
1.953125
1.9765625
1.9296875
1.9140625
1.90625
1.9335938
1.9453125
1.9179688
1.90625
1.9140625
1.921875
1.90625
1.8984375
1.9023438
1.8984375
1.8867188
1.8828125
2.0078125
2.0
1.9960938
1.9921875
1.9882812
1.9414062
1.9414062
1.9570312
1.953125
1.9492188
1.8164062
1.8242188
1.8125
1.8125
1.7890625
1.8359375
1.8320312
1.8320312
1.8242188
1.8085938
1.9375
1.9453125
1.9453125
1.9492188
1.9375
1.8359375
1.859375
1.8398438
1.8515625
1.8476562
1.9296875
1.9257812
1.9218093
1.9257812
1.9296875
1.9375
1.9335938
1.9179688
1.921875
1.9140625
1.9453125
1.9492188
1.953125
1.9609375
1.9453125
1.9570312
1.953125
1.9570312
1.9726562
1.9804688
1.9726562
1.9765625
1.9882812
1.9804688
2.0
49-----------------2019_05_24_02_17
0.52079463
0.5382123
0.52132404
0.49727124
0.48443213
0.47728628
0.47303244
0.46287212
0.45196313
0.43886942
0.4259126
0.46466368
0.45182338
0.44213647
0.43358904
0.42539617
0.45558512
0.44518244
0.4348215
0.4247724
0.41590598
0.4982945
0.48799518
0.47840255
0.4697405
0.46208796
0.45243147
0.44462115
0.43735927
0.430631
0.42469242
0.4447587
0.43797648
0.43165776
0.42572442
0.42019063
0.40945455
0.4008187
0.393373
0.3869267
0.3824506
0.39384896
0.38918096
0.3827066
0.37665892
0.37237304
0.39859933
0.39527616
0.39218125
0.388697
0.38479936
0.40810168
0.40081197
0.39531693
0.3926657
0.3877458
0.43308294
0.42134708
0.4149236
0.4127956
0.41222623
0.4439855
0.4343155
0.41972673
0.41088736
0.40476972
0.44857287
0.4412059
0.43101513
0.42278826
0.41779622
0.45287234
0.44646415
0.43915504
0.4317379
0.42517152
0.48776615
0.48028615
0.46954465
0.4588907
0.45118752
0.5511561
0.53566325
0.52241206
0.5124662
0.5093994
0.522618
0.51606655
0.49523082
0.480116
0.47006744
0.4988156
0.48968777
0.48262897
0.4755949
0.4682378
0.55555046
0.55080384
0.5475175
0.54224503
0.53245085
0.5531026
0.53346926
0.5175948
0.50620407
0.49751917
0.5372514
0.5277487
0.5153212
0.50520015
0.4959606
0.5337305
0.5196657
0.5061951
0.49660397
0.48540694
0.52632785
0.5155487
0.5033256
0.49131423
0.48088226
0.46975732
0.46391177
0.45887417
0.45211893
0.44433147
0.47950247
0.47372153
0.46732098
0.46156204
0.45735586
0.47227052
0.4668714
0.4565125
0.45018765
0.44426215
0.47937098
0.46440256
0.45350778
0.44407734
0.43733746
0.4424527
0.43546167
0.4264592
0.41803274
0.4122144
0.4284859
0.4274459
0.42623442
0.41776562
0.41165727
0.40230268
0.39134178
0.38216603
0.3755953
0.37093115
0.46210313
0.4610009
0.45010424
0.44066933
0.4343784
0.41339114
0.40869713
0.4061142
0.40354884
0.39948684
0.4300692
0.42508006
0.4198839
0.41580936
0.41213873
0.43806472
0.4328623
0.42690495
0.42193913
0.41866186
0.44034973
0.43135026
0.42521846
0.41858742
0.41081083
49-----------------2019_05_26_23_52
0.4877819
0.47958592
0.4710503
0.46198964
0.45445478
0.50812984
0.48546514
0.46293655
0.44751593
0.4364624
0.44758314
0.4345421
0.4231865
0.4171454
0.41222048
0.47068653
0.4669926
0.462731
0.45764622
0.45430973
0.47043055
0.45230561
0.44019678
0.4319303
0.42387414
0.4860223
0.47799018
0.46787956
0.45802712
0.45223355
0.45209286
0.44401067
0.436133
0.43004367
0.42366287
0.39520067
0.38547617
0.3777564
0.37223002
0.36920863
0.46498066
0.4561918
0.44800505
0.44125658
0.4355706
0.46086368
0.45684955
0.44523016
0.432684
0.4235974
0.5301324
0.519316
0.5091727
0.49881124
0.48933223
0.4371652
0.4304088
0.42410645
0.41873044
0.41436005
0.4633077
0.45761418
0.45104244
0.44393706
0.43729934
0.48368692
0.48028868
0.475913
0.47085488
0.46520928
0.44882616
0.44360098
0.43909502
0.435009
0.43131313
0.45779502
0.45343888
0.44843155
0.44378954
0.44006458
0.44442374
0.44059196
0.4360224
0.43174577
0.42745543
0.43852508
0.4329377
0.42724794
0.4218841
0.41702527
0.43822736
0.43210983
0.42696404
0.4234505
0.420705
0.4551816
0.45085216
0.4477094
0.4416148
0.43597668
0.44723856
0.43956336
0.43317172
0.42874235
0.42527065
0.44308516
0.43878925
0.43295068
0.4266439
0.42074764
0.4822373
0.47756997
0.47129524
0.4647416
0.4606152
0.46777925
0.46276474
0.45746154
0.45275533
0.44801107
0.4642777
0.45935798
0.45266843
0.44633934
0.4412644
0.43489325
0.43120077
0.42671746
0.42260104
0.41897503
0.43246943
0.42813882
0.42155066
0.41369653
0.40618944
0.495307
0.4937607
0.48819095
0.48080698
0.47422063
0.43509224
0.43183059
0.42689458
0.4214536
0.41578346
0.4422152
0.43710616
0.43192708
0.42727032
0.42357647
0.47811484
0.47454637
0.46896702
0.4632757
0.45776635
0.45050415
0.44685483
0.44263792
0.43691358
0.43386918
0.43619058
0.43427837
0.42768684
0.42102695
0.41485888
0.50686663
0.49839234
0.49018544
0.48278216
0.47574812
0.41811016
0.4171922
0.41385528
0.40790394
0.40234026
0.46212974
0.45639476
0.44972664
0.44364578
0.43862024
0.44244894
0.4351755
0.4270867
0.41893512
0.4121194
0.46863413
0.46109217
0.45335543
0.44479394
0.43548906
0.47137567
0.4702998
0.46511555
0.46097034
0.4593931
0.5452519
0.5368617
0.5294831
0.5189693
0.51006293
0.45206425
0.44749478
0.4445817
0.441524
0.4346742
0.4603577
0.45388845
0.44832492
0.4416851
0.43592364
0.4542337
0.45067823
0.4454588
0.4406635
0.43639818
0.45469338
0.44986698
0.44417
0.43830612
0.43349442
0.47513187
0.4712329
0.46730542
0.46377277
0.46065375
0.48553964
0.4797194
0.47227648
0.46436876
0.45686197
0.5102122
0.5038092
0.49933514
0.49243283
0.48447964
0.4443083
0.44589496
0.43541914
0.42154005
0.4144786
0.508158
0.5082058
0.49846306
0.49008405
0.48678994
0.5072462
0.5047842
0.49811062
0.49024403
0.48228136
99-----------------2019_05_27_00_09
0.49794587
0.48943278
0.48163226
0.47417995
0.46829674
0.5346247
0.53319216
0.52585185
0.5166156
0.5099824
0.54316545
0.5465275
0.53929687
0.52645034
0.5161239
0.5108288
0.5000931
0.48896423
0.4779487
0.46818188
0.49192393
0.4835189
0.47663826
0.46900544
0.46200025
0.5356636
0.52883613
0.51931024
0.5117448
0.5056322
0.4959278
0.49048465
0.4842714
0.47835216
0.4729377
0.501975
0.49504268
0.4870252
0.4767555
0.46686473
0.47401386
0.47034636
0.46634057
0.46225253
0.4575345
0.48416603
0.47960266
0.47319788
0.46707854
0.46303263
0.49794203
0.49340296
0.488684
0.48348823
0.4768075
0.47122967
0.4666031
0.4635027
0.4610065
0.45655593
0.4960251
0.4911403
0.48821524
0.4807179
0.47429168
0.4988368
0.50053966
0.4877445
0.47536626
0.46843213
0.4874718
0.48217976
0.47989553
0.4774086
0.46993747
0.48245296
0.47757235
0.4728189
0.46792
0.46252578
0.50015724
0.4921347
0.48410368
0.47756416
0.4728228
0.5130377
0.50613743
0.498774
0.49161986
0.48507434
0.47517043
0.4716039
0.46606585
0.45857334
0.45153728
0.53447694
0.52800936
0.52188236
0.51736015
0.51272404
0.51858133
0.5128422
0.5066292
0.5010443
0.49583894
0.49337292
0.4875687
0.47894964
0.47151005
0.46604288
0.5420779
0.5365213
0.52953607
0.5221127
0.51333284
0.5148159
0.50632083
0.49539998
0.4852057
0.47724977
0.5247243
0.52038765
0.5171831
0.51399666
0.5104057
0.53123355
0.52475303
0.5156948
0.5078659
0.4979273
0.5251112
0.5155542
0.5050972
0.4942968
0.48613998
0.5481529
0.5416144
0.5350265
0.52840066
0.5223802
0.5649913
0.5587996
0.55185837
0.5443686
0.53638995
0.52867174
0.5155431
0.50276023
0.49151313
0.482698
0.52053285
0.51592284
0.51085055
0.50561285
0.50052804
0.5101682
0.50636935
0.5023297
0.49870104
0.4959445
0.5154574
0.5099195
0.5031131
0.4965972
0.49067324
0.50020003
0.49785352
0.49429795
0.49010044
0.48617435
0.48258853
0.47857827
0.47282702
0.46605402
0.45850414
0.5746335
0.5701849
0.5654004
0.56089735
0.55633295
0.5403836
0.5373844
0.533023
0.5283381
0.5239643
0.5109597
0.5042691
0.4981374
0.49326903
0.48973668
0.5746418
0.56941396
0.5636872
0.5583554
0.5532002
0.5595881
0.55501914
0.546885
0.5366015
0.528595
0.5302244
0.52190155
0.5125792
0.50460196
0.49946582
0.5575161
0.55153626
0.54223317
0.53309053
0.5253832
0.5233767
0.52070594
0.5112403
0.50153095
0.49487156
0.55134207
0.547447
0.54144025
0.53304
0.5245867
0.570795
0.56249774
0.55384225
0.5445964
0.5345656
0.55593824
0.54787505
0.5398017
0.5329174
0.5249169
0.5245403
0.51390046
0.5056684
0.5012986
0.49665582
0.57321995
0.568776
0.5589688
0.5487412
0.5409169
0.58445144
0.57715654
0.5702156
0.5652859
0.55977863
0.5848894
0.5784082
0.5693496
0.56140894
0.555252
149-----------------2019_05_27_00_34
0.60826486
0.6041553
0.59266543
0.5805023
0.57111347
0.5773598
0.57085025
0.5616205
0.5529493
0.5477659
0.5824016
0.57877254
0.56367254
0.55135536
0.5430545
0.57964516
0.5728735
0.5634555
0.55461067
0.54765594
0.6225843
0.61708105
0.60568285
0.59280163
0.5830339
0.63299745
0.62523586
0.61617386
0.6077998
0.6005638
0.58568424
0.58101994
0.5676235
0.5557628
0.54628444
0.6184336
0.6109397
0.60459816
0.5990143
0.5939556
0.61381525
0.6043991
0.59481275
0.5872214
0.5814575
0.6383899
0.626663
0.61301625
0.60261476
0.5961854
0.6926397
0.68369925
0.6660991
0.650658
0.6397344
0.6544789
0.638868
0.6250175
0.61606157
0.60172343
0.6268888
0.6199374
0.6131699
0.60733914
0.6030413
0.6333816
0.6272482
0.6173749
0.60482216
0.59360886
0.6389735
0.6323053
0.62390155
0.6151547
0.6073938
0.6299076
0.62216234
0.6109342
0.59905344
0.5876669
0.601994
0.5939322
0.5847651
0.5764835
0.5698656
0.6181928
0.6155216
0.6116259
0.6065835
0.6019729
0.6439557
0.6290324
0.6107886
0.59587044
0.5832827
0.6042115
0.5935807
0.583205
0.5724208
0.5632665
0.5961075
0.5884136
0.5796584
0.571461
0.5610884
0.60442793
0.5975352
0.58762753
0.5798715
0.5725053
0.6447359
0.63455564
0.623556
0.61298126
0.603248
0.6136589
0.60567105
0.596634
0.58745086
0.5800916
0.6402502
0.63490295
0.6245102
0.6108078
0.5972834
0.6168183
0.61140877
0.6045127
0.5958466
0.5866256
0.60096097
0.5899855
0.57794607
0.5662301
0.55538917
0.60487264
0.600585
0.59418947
0.5872665
0.58153176
0.60096604
0.5959602
0.58820146
0.5780985
0.5674196
0.60324055
0.59588045
0.5880035
0.580068
0.5713832
0.6736762
0.6653681
0.6539091
0.64229304
0.63181657
0.60030395
0.59447587
0.5868879
0.5792881
0.572386
0.62511253
0.6187555
0.61116374
0.6030784
0.59440684
0.6631095
0.6546495
0.64495933
0.6346451
0.62442493
0.6265992
0.61757207
0.6045002
0.59163773
0.5806178
0.5676554
0.55618227
0.5445935
0.53446937
0.5262109
0.61117554
0.6030631
0.5908613
0.57812583
0.56770074
0.6303225
0.6256952
0.61998
0.6128618
0.60530716
0.62909454
0.6228562
0.61351305
0.6017987
0.5894657
0.604972
0.5953277
0.5840251
0.57260025
0.5615052
0.6118537
0.6064914
0.5984726
0.5886396
0.5778824
0.6223752
0.61109424
0.6010549
0.59130216
0.5816187
0.6271372
0.6205813
0.6076077
0.5923866
0.5800885
0.62672466
0.6165364
0.6091043
0.6022104
0.59245425
0.64235586
0.6339507
0.624578
0.6158376
0.6062467
0.6255559
0.61513585
0.6035536
0.5924863
0.58352953
0.5971636
0.5882384
0.5786953
0.57079667
0.5635186
0.6151811
0.6072868
0.5989483
0.5913614
0.57883143
0.62040603
0.60761577
0.5941958
0.5817427
0.5711229
0.6066601
0.59842634
0.5907336
0.5844388
0.5779707
199-----------------2019_05_27_01_16
0.63364273
0.626967
0.6118692
0.5961705
0.5825868
0.59633225
0.5854557
0.5753251
0.5665672
0.55696166
0.6022452
0.59155583
0.58024263
0.5707305
0.5606692
0.5997676
0.59679157
0.5917194
0.5853984
0.57762367
0.61279833
0.6060461
0.5975618
0.58798987
0.5782012
0.6057418
0.59768724
0.58819103
0.57718366
0.56712115
0.6450055
0.6385056
0.6304024
0.6203005
0.60907364
0.61364317
0.6065434
0.5996927
0.59293944
0.58564854
0.5988204
0.5906689
0.58054185
0.5706241
0.56078994
0.6110147
0.6051809
0.5979241
0.59025854
0.58143616
0.5985316
0.58989435
0.57431924
0.55892223
0.5477132
0.60693616
0.59714246
0.58451605
0.5710832
0.5581117
0.56836617
0.5634994
0.55763423
0.5513018
0.54438543
0.58300805
0.57958823
0.57174367
0.56703246
0.5589119
0.6083512
0.5949023
0.58257836
0.5721298
0.5633816
0.6011672
0.5941241
0.5859657
0.57779217
0.5712375
0.60510266
0.59868824
0.58602476
0.5744076
0.56362087
0.5754595
0.56503725
0.55331635
0.5433137
0.5338899
0.5688875
0.56194687
0.5535976
0.5452284
0.53700966
0.5808959
0.5744595
0.5661035
0.5567705
0.54699856
0.5687054
0.55458945
0.5400071
0.5271667
0.5161918
0.5661037
0.55849504
0.54989004
0.54261357
0.53667057
0.58328164
0.5698782
0.5577605
0.5476884
0.537089
0.6134781
0.604543
0.5953464
0.5876756
0.5806026
0.5897896
0.58361244
0.5757386
0.56814736
0.55758333
0.5770693
0.5679536
0.5575649
0.5485739
0.54102147
0.61584365
0.6133995
0.6064332
0.5955795
0.5846746
0.58210564
0.5756016
0.56761545
0.55808294
0.5480554
0.5870669
0.57774484
0.5646144
0.5517315
0.5404045
0.59078723
0.58060247
0.57181484
0.5637987
0.55552113
0.64446104
0.6337555
0.62077546
0.6082393
0.59723616
0.6095606
0.6024407
0.59370446
0.58502054
0.5775465
0.61647743
0.61018753
0.60215586
0.59371006
0.58446336
0.6312094
0.6233959
0.6126313
0.60050833
0.5892043
0.6188513
0.6128003
0.6054584
0.5961876
0.5862367
0.6122054
0.60167235
0.59064794
0.5800718
0.57014406
0.61973286
0.6129513
0.60145795
0.5891653
0.57805514
0.5963469
0.59608454
0.58539087
0.57267666
0.56324863
0.6113858
0.6037673
0.59475046
0.5857799
0.57575184
0.618929
0.6083681
0.59674925
0.5845088
0.5726256
0.61604065
0.605718
0.59445834
0.58181185
0.5688348
0.59904724
0.58767843
0.5760748
0.5646919
0.5527681
0.60712147
0.600553
0.5859678
0.57561374
0.56376404
0.6047251
0.5924317
0.5812048
0.57011294
0.5600463
0.6148557
0.60647947
0.5918925
0.581205
0.5691014
0.60164034
0.58568203
0.5691965
0.555533
0.54218423
0.61025476
0.6014074
0.59387225
0.58996177
0.5846983
0.6304914
0.62030756
0.6036442
0.5992082
0.57353336
0.6024124
0.5839807
0.5761149
0.56173974
0.54783356
0.6128619
0.60352737
0.58432794
0.5708574
0.55625653
249-----------------2019_05_27_02_16
0.59906936
0.5917093
0.58011156
0.56620073
0.5523673
0.61894166
0.6048226
0.58879256
0.5775641
0.5629795
0.59711784
0.5903864
0.58219594
0.5730655
0.5622022
0.6054815
0.591942
0.5779657
0.564124
0.5518452
0.6153038
0.6042406
0.592868
0.58253825
0.5724093
0.6130384
0.60484385
0.5911822
0.5760183
0.5607123
0.6183359
0.6020196
0.58131826
0.5642892
0.54965466
0.6517266
0.6444589
0.6366158
0.62666667
0.6149502
0.6319428
0.61813426
0.602914
0.5907658
0.57815546
0.6276187
0.62046856
0.6101926
0.59785223
0.58537066
0.5769408
0.5656454
0.55439925
0.54416364
0.5328187
0.5970526
0.5899485
0.58255
0.5730202
0.5615375
0.59542936
0.5842731
0.5721523
0.5588819
0.5491251
0.6092425
0.5973527
0.5812613
0.5687186
0.5613749
0.61708623
0.60043144
0.5833602
0.56794137
0.5558532
0.6237786
0.61665833
0.6036325
0.5935912
0.5835321
0.63790166
0.62866896
0.61538756
0.60123503
0.5853218
0.59470934
0.58694655
0.5786135
0.5698897
0.5609851
0.59267944
0.5793905
0.564867
0.55198616
0.5417104
0.5803879
0.57447565
0.5630373
0.5556361
0.5465233
0.6231365
0.6157145
0.6072222
0.5983988
0.58880633
0.5588166
0.54882604
0.53804827
0.52825314
0.5205279
0.57301235
0.5608364
0.54844433
0.5361581
0.5265119
0.6122744
0.60464305
0.5956417
0.58576417
0.5756482
0.5747431
0.56422234
0.55178577
0.53930885
0.52772224
0.58502734
0.57456243
0.5616148
0.54769933
0.5341747
0.5858475
0.57468474
0.5635348
0.5527654
0.54234815
0.56747246
0.5488979
0.5296795
0.5135426
0.4992617
0.52517855
0.5183365
0.5112164
0.5045725
0.49774125
0.5376608
0.5350772
0.5220074
0.50843275
0.49810892
0.53330344
0.5222405
0.5101217
0.49868694
0.48769134
0.52184415
0.5120132
0.50277203
0.49428073
0.48467445
0.51720715
0.511347
0.5010768
0.48942393
0.47983614
0.4822953
0.4751371
0.46561754
0.45652914
0.4467116
0.52540636
0.5169037
0.5070559
0.4968187
0.48865443
0.5165663
0.50957394
0.50272083
0.49759236
0.49024278
0.51649153
0.5134425
0.5076859
0.4989658
0.48982468
0.5092125
0.50629216
0.5002698
0.4910478
0.48207563
0.50542164
0.49639824
0.48600546
0.47659174
0.46788383
0.49278986
0.48436496
0.47223908
0.46064484
0.45072708
0.49847078
0.49236795
0.4869542
0.47838002
0.4689891
0.5348034
0.5275741
0.51972246
0.50927544
0.5008582
0.539117
0.53543454
0.52333313
0.5124588
0.50411725
0.51026154
0.506286
0.49718565
0.48717013
0.4783459
0.5210736
0.5173076
0.5097454
0.5009504
0.49325848
0.5485936
0.5403171
0.5289507
0.5178602
0.5083401
0.50292677
0.49410054
0.48399666
0.47424242
0.46586618
0.4973083
0.4946307
0.49110147
0.48595762
0.4788706
0.5130802
0.5062194
0.49775338
0.48872226
0.47715378
0.5021761
0.49688146
0.48608276
0.47701308
0.47003314
299-----------------2019_05_27_03_42
0.48854655
0.48168463
0.47198433
0.46388182
0.45452055
0.495084
0.48411238
0.47362617
0.46432525
0.45740396
0.5067782
0.50580776
0.50124586
0.49669987
0.49192694
0.5500543
0.54377973
0.5353851
0.5244085
0.5111919
0.5263536
0.51517713
0.5000894
0.48755866
0.47930387
0.5057614
0.49511144
0.48484427
0.48004374
0.46957406
0.48864764
0.48252514
0.4765168
0.4711923
0.46356815
0.52431226
0.51495665
0.50763613
0.50325143
0.4983949
0.5435946
0.5341604
0.52263105
0.5119406
0.5027844
0.5172219
0.50510556
0.4903309
0.47895455
0.4696244
0.5385471
0.53147626
0.5224154
0.5152057
0.51037097
0.5265393
0.51078576
0.49541
0.4839341
0.47527376
0.55030644
0.5435579
0.5360417
0.5298933
0.52569497
0.550237
0.5431661
0.5288012
0.51292974
0.4985146
0.51211035
0.5019673
0.4937404
0.48753414
0.48334473
0.5363717
0.52812964
0.5168201
0.50437933
0.49336004
0.5010681
0.49174163
0.48224738
0.4742599
0.46543676
0.5172737
0.5101598
0.5011922
0.49148366
0.48431796
0.5336407
0.5235314
0.5120654
0.50310385
0.49353483
0.521582
0.50556433
0.49027252
0.47779244
0.46878898
0.55171955
0.54401946
0.5351583
0.5271907
0.51873153
0.55427384
0.54835385
0.5373596
0.5272367
0.5189264
0.53355557
0.5226473
0.51310277
0.5062452
0.50149477
0.5332067
0.52667737
0.5133765
0.5048407
0.49635458
0.55159426
0.54363537
0.53357214
0.5255541
0.51963365
0.5563858
0.5515178
0.54534185
0.53870595
0.5294636
0.57480276
0.5635621
0.55240357
0.5416509
0.5321028
0.55561554
0.54809576
0.5388745
0.52984655
0.5207362
0.5328748
0.5280447
0.5199246
0.51230973
0.5060459
0.54827297
0.5385812
0.5300009
0.52256787
0.5150704
0.5360032
0.5207153
0.5050269
0.4914111
0.48055744
0.5337918
0.5268639
0.52196175
0.5182077
0.51298434
0.5552783
0.5499406
0.53801644
0.52998435
0.5267761
0.55239666
0.5413024
0.5293475
0.51857775
0.50768745
0.5523664
0.5428974
0.5322349
0.5239775
0.5182713
0.559722
0.5505481
0.5385897
0.5291513
0.52190256
0.60154355
0.58897054
0.5772937
0.56668806
0.5561279
0.5554803
0.5484832
0.5387278
0.5284499
0.51864976
0.55412513
0.54807705
0.5420081
0.53643644
0.5303717
0.5423055
0.53490865
0.5242027
0.5139069
0.50538343
0.5070744
0.49800545
0.48666283
0.4761961
0.46648332
0.54452306
0.5343222
0.5223393
0.5124592
0.50361323
0.53391695
0.5294082
0.5221221
0.51582587
0.5106591
0.54938865
0.5411278
0.5281646
0.5168643
0.50874716
0.5058069
0.4966993
0.48342657
0.47449893
0.4682822
0.51364464
0.5015949
0.48788562
0.474935
0.46423477
0.5006801
0.497859
0.49644208
0.4955913
0.4894888
0.53631854
0.52917737
0.52099806
0.51399046
0.5080195
0.5204064
0.5140395
0.50324
0.49274594
0.4837594
0.54222816
0.52141565
0.5008906
0.48915938
0.48006296
349-----------------2019_05_27_05_39
0.49369586
0.4861489
0.47880197
0.47177362
0.46633056
0.4830005
0.47803396
0.47271413
0.47001466
0.46644178
0.49526265
0.48967955
0.483748
0.47787926
0.47248065
0.5435601
0.53838086
0.532389
0.52632195
0.519472
0.5009737
0.4859499
0.47188723
0.4603755
0.44967717
0.49444163
0.48743454
0.48242456
0.47911167
0.4769873
0.53967154
0.5347705
0.52680707
0.5211049
0.514834
0.51318157
0.5086332
0.49957678
0.49079493
0.48354608
0.49793902
0.48628533
0.47296602
0.4597963
0.44879997
0.49083108
0.48031312
0.47166717
0.46311074
0.4558891
0.51800364
0.51239204
0.50962466
0.5036918
0.4931426
0.52341974
0.5193807
0.51280767
0.5063445
0.49842843
0.49705267
0.4947566
0.47532666
0.4578177
0.44591978
0.47048795
0.4685571
0.46282554
0.45727593
0.45301434
0.48794052
0.48471752
0.47667247
0.47126243
0.46674576
0.52922606
0.5200021
0.50989467
0.5019764
0.49676228
0.47007895
0.46356592
0.4563582
0.4488569
0.44101885
0.45042673
0.44202715
0.43407384
0.42712146
0.42122757
0.4544601
0.44984418
0.44471985
0.4401431
0.43556523
0.42721957
0.4208255
0.4115594
0.40226534
0.3955848
0.4623528
0.4611631
0.45675004
0.45167303
0.44853908
0.46198854
0.45462215
0.44731486
0.44080305
0.433669
0.42572135
0.41819572
0.41237953
0.4080576
0.4064491
0.43137574
0.42712846
0.42515308
0.42492685
0.42550617
0.46241704
0.45879325
0.44844726
0.44175994
0.43853614
0.46903113
0.46482927
0.45214355
0.4400858
0.4319693
0.43064675
0.4222326
0.41591153
0.4120867
0.41098243
0.43019652
0.42961106
0.42648616
0.4220951
0.4182592
0.44942212
0.43539962
0.42095572
0.4095682
0.40218094
0.41645226
0.4104215
0.40555647
0.40031272
0.39464235
0.44652492
0.44343865
0.44000992
0.43783975
0.43704444
0.4162992
0.41977268
0.41174927
0.39877376
0.38975918
0.40838778
0.4010285
0.39551488
0.3919453
0.38888103
0.39908
0.39619616
0.39394146
0.39195228
0.39014465
0.44778556
0.44483447
0.44145504
0.4343661
0.4272567
0.45034784
0.44289023
0.4342695
0.42617813
0.4196223
0.4626041
0.45812893
0.45420307
0.4510762
0.44888115
0.4508888
0.44840688
0.44255388
0.43484464
0.428519
0.39086178
0.38423595
0.37689757
0.36995426
0.36517996
0.42483592
0.42269886
0.41627675
0.40838325
0.40361446
0.45233494
0.44790295
0.44341958
0.44381326
0.4441098
0.45027798
0.44355097
0.43798283
0.43699276
0.4313674
0.4721899
0.46699047
0.46298182
0.4631992
0.4603077
0.47554526
0.47653428
0.47407597
0.46892238
0.46410775
0.4774428
0.46855214
0.4599769
0.45094264
0.44228223
0.48095417
0.4749104
0.46978706
0.465377
0.45967162
0.4678717
0.4601529
0.44989425
0.44182155
0.43585122
0.48033768
0.48059326
0.47446406
0.46869048
0.4652033
0.47402164
0.4696612
0.45976874
0.4487368
0.4409619
0.46803066
0.4631358
0.45891047
0.45669532
0.45135367
399-----------------2019_05_27_08_07
0.4825481
0.47825378
0.47133082
0.46527502
0.46020943
0.48115683
0.48013723
0.47869283
0.4741966
0.46855938
0.47122678
0.46676943
0.46284062
0.45727712
0.45050552
0.48632818
0.48237577
0.47198305
0.4617846
0.45674813
0.51991606
0.51774526
0.51353383
0.50887257
0.50244343
0.5084076
0.5024531
0.49539518
0.48838294
0.48162526
0.53208387
0.5267453
0.5201428
0.5127132
0.5049613
0.5025741
0.4917731
0.4810781
0.4730612
0.37739623
0.34962368
0.38971207
0.37769565
0.36936837
0.35389912
0.34788516
0.34012485
0.33209535
0.32483566
0.35168543
0.34538928
0.3410076
0.33812338
0.33658367
0.3335408
0.33133125
0.32801604
0.32289687
0.3169596
0.46011865
0.45436436
0.45098034
0.44851744
0.44225866
0.47997898
0.47371632
0.46769342
0.4613309
0.45764643
0.4446029
0.43597412
0.4264931
0.41886523
0.41322786
0.44612265
0.44313183
0.4454575
0.44430912
0.43742967
0.48936823
0.48697954
0.48692507
0.48584518
0.47537306
0.5017966
0.4900446
0.48176372
0.47825074
0.47634855
0.5370765
0.5360172
0.530687
0.52435327
0.5156752
0.50659555
0.49566334
0.48586455
0.4759385
0.46821335
0.50899225
0.49696398
0.48641714
0.4775812
0.47021434
0.4976735
0.4899461
0.48181987
0.47482216
0.4691523
0.5060284
0.4964725
0.4880002
0.48152602
0.4767128
0.53678906
0.53378046
0.5311827
0.52603334
0.5178955
0.5189737
0.5105784
0.49693266
0.47998616
0.46759984
0.48326254
0.47708124
0.4725672
0.46963817
0.46628243
0.49740624
0.4911086
0.48237064
0.47205418
0.4620841
0.50883543
0.5050357
0.5008649
0.49643806
0.49105567
0.5175508
0.51170075
0.5025042
0.49219584
0.48323005
0.48419264
0.47643793
0.4681657
0.46223456
0.4582987
0.46285042
0.45662436
0.44943762
0.44299668
0.4372383
0.47197655
0.4644811
0.45973787
0.45581007
0.44870573
0.50492656
0.5010181
0.49586353
0.48947108
0.4872914
0.5104389
0.50479794
0.4946696
0.48609343
0.4791551
0.49845988
0.4882218
0.48014224
0.47469825
0.47039938
0.49641675
0.48922506
0.4823638
0.47666174
0.4726429
0.5076667
0.502821
0.4933567
0.48321426
0.47456586
0.49340156
0.49182522
0.48036087
0.4666826
0.4606312
0.4548626
0.45046902
0.44889393
0.4393471
0.43042397
0.463259
0.45690912
0.45080623
0.44715157
0.44519317
0.45184872
0.4442832
0.4380457
0.4325983
0.42834008
0.48921213
0.48464727
0.47764412
0.47095412
0.46467856
0.5134786
0.50425017
0.49228832
0.48177004
0.472377
0.48755363
0.47987753
0.47407556
0.4701806
0.46544933
49-----------------2019_05_29_10_42
0.50893617
0.5027983
0.49632585
0.4887237
0.48016244
0.4834832
0.47497398
0.46516067
0.45707005
0.45184
0.485077
0.48084122
0.47411644
0.4690249
0.46455765
0.48198202
0.47437772
0.46504563
0.4568243
0.45065546
0.49893355
0.4956954
0.48417622
0.47458524
0.4685463
0.49595445
0.48692134
0.47952896
0.47012234
0.46172017
0.4839427
0.47740343
0.46942952
0.46322972
0.45876515
0.47548085
0.46943414
0.460558
0.45188162
0.44315672
0.4788371
0.47031984
0.46240276
0.457007
0.45266005
0.46876702
0.46234214
0.4566079
0.45096108
0.44316748
0.46608374
0.45963588
0.45318577
0.44789055
0.4448465
0.44820026
0.44712842
0.44569725
0.44274533
0.43813255
0.46278352
0.45895064
0.4542432
0.44952565
0.44455135
0.46923274
0.46407115
0.46012855
0.45635557
0.45281327
0.49132794
0.48890942
0.48443058
0.47865528
0.47436133
0.5074886
0.5062373
0.5047953
0.5016961
0.49684647
0.5334402
0.5311301
0.5292344
0.5267068
0.521557
0.52049077
0.514278
0.5091148
0.50179267
0.4966827
0.5464004
0.54367566
0.53973854
0.53487474
0.5299233
0.54530084
0.5424005
0.53842914
0.5337287
0.5302502
0.5568477
0.54932755
0.5433999
0.53929394
0.5355347
0.55602443
0.5507575
0.54835874
0.5445528
0.54064703
0.5772866
0.5736631
0.5691773
0.56515706
0.5620843
0.5834594
0.577521
0.5732283
0.5672535
0.5601852
0.51062036
0.5079053
0.504498
0.49946475
0.49282742
0.5490953
0.54362386
0.5378343
0.53128284
0.5249724
0.5622127
0.5579022
0.55430365
0.5531311
0.5519678
0.52405345
0.51985025
0.51656175
0.5133573
0.50997484
0.53618526
0.5322598
0.5269144
0.521232
0.51544285
0.5224898
0.51775205
0.51334393
0.50938743
0.50595087
0.53627807
0.5320509
0.5267736
0.52152073
0.5167749
0.5633695
0.56316
0.56172186
0.5585702
0.55350965
0.5859264
0.5804104
0.5747933
0.5689509
0.5630919
0.545483
0.54114103
0.5356229
0.52993
0.52446455
0.5923534
0.5876456
0.58169043
0.5754278
0.5697407
0.60205364
0.59838766
0.59346986
0.5872685
0.5807024
0.6038817
0.5964869
0.58823955
0.5810674
0.57583135
0.52635133
0.5190857
0.509632
0.50040114
0.49186593
0.5678928
0.56405437
0.5603564
0.55730766
0.5540372
0.6079733
0.6015183
0.59341323
0.584725
0.5763628
0.56717587
0.5610472
0.5549405
0.5495743
0.5454741
0.58912116
0.584081
0.5762389
0.5681348
0.5609189
0.56249887
0.55976605
0.555976
0.5492086
0.5403826
0.5832375
0.5756852
0.5706128
0.5624655
0.55498934
0.5749725
0.5760555
0.5662562
0.5523054
0.5441919
0.5477139
0.545102
0.5418308
0.5374647
0.5320171
0.5483134
0.54019964
0.533026
0.5277345
0.52322775
0.54833186
0.54108953
0.5319205
0.5241874
0.5180927
0.5461318
0.5441174
0.5394908
0.5323029
0.5250558
0.5625565
0.556843
0.55169857
0.54824686
0.54541755
99-----------------2019_05_29_10_59
0.5400263
0.5295664
0.52421916
0.5190101
0.51624966
0.56410956
0.5606694
0.5491896
0.5386963
0.53212816
0.54726195
0.5412614
0.5354438
0.52993536
0.52426124
0.56377757
0.55848813
0.55318636
0.54850584
0.5447092
0.5632262
0.56239724
0.55936086
0.5556333
0.55109286
0.54951334
0.5438073
0.5383706
0.53263354
0.5257835
0.5242784
0.51785636
0.51093453
0.50410163
0.49923787
0.57430786
0.5703786
0.56061316
0.54670864
0.53643465
0.5402381
0.5307643
0.5220629
0.5137933
0.50719965
0.58354473
0.57746387
0.56881344
0.55967075
0.5529406
0.57733077
0.57454026
0.57158834
0.5603801
0.54718983
0.556545
0.54970634
0.5434065
0.5369604
0.5305519
0.56893456
0.56425565
0.55849755
0.5517319
0.54555774
0.5694117
0.56202614
0.5538586
0.54625213
0.54012775
0.5519617
0.5433593
0.5351889
0.5279279
0.52200395
0.5595784
0.5567638
0.55150294
0.5443205
0.5368835
0.55334437
0.5465158
0.5386267
0.5315825
0.5261087
0.5620102
0.56027544
0.5573898
0.55276465
0.5447144
0.5781456
0.5716526
0.564679
0.5580319
0.55249476
0.566926
0.5615529
0.5545523
0.5464273
0.5374857
0.57152027
0.5619864
0.55183196
0.5421862
0.53327423
0.5715492
0.56667644
0.5612665
0.5561991
0.5516341
0.59040195
0.58909446
0.5873174
0.5831617
0.57670164
0.6315937
0.62307835
0.6139271
0.60486424
0.59670216
0.62628376
0.61276245
0.5993471
0.58846587
0.58022434
0.60877335
0.60286874
0.5942978
0.58423823
0.574733
0.59408236
0.58942705
0.583507
0.5765364
0.57007414
0.62078726
0.61742604
0.60953414
0.59907925
0.5889287
0.6070294
0.59971297
0.59233
0.58435917
0.57437706
0.61671615
0.6135007
0.60611284
0.5943904
0.5818416
0.600291
0.5944969
0.58956414
0.585156
0.58043975
0.6261584
0.6249037
0.6204196
0.61292684
0.6046676
0.622786
0.617857
0.61164916
0.6045081
0.59623283
0.64827144
0.6413137
0.6344712
0.6277524
0.6206107
0.63152224
0.6186517
0.605619
0.5947211
0.5871316
0.61026245
0.60610425
0.5975121
0.5895293
0.58426625
0.6378417
0.6314811
0.62414765
0.61525893
0.6054525
0.62418014
0.6184615
0.608624
0.59891456
0.592065
0.6196432
0.613343
0.606783
0.59925777
0.59185076
0.6036763
0.5948255
0.58434474
0.57321435
0.56347644
0.64750654
0.6400261
0.6317822
0.62420326
0.6169947
0.6339994
0.6264644
0.61721885
0.608108
0.60037845
0.63461226
0.6241326
0.61136526
0.59946597
0.5886333
0.601141
0.5952544
0.58751166
0.5791724
0.57147735
0.6548016
0.65032744
0.6417701
0.62968683
0.61875635
0.61554796
0.6112375
0.60702753
0.6026257
0.59727025
0.64630836
0.6386743
0.62805086
0.61671007
0.60606885
0.624231
0.6137137
0.60266495
0.59273964
0.5831553
0.6240764
0.6186705
0.6099014
0.60125047
0.59201944
0.65786314
0.6545714
0.64950204
0.6418244
0.63285226
149-----------------2019_05_29_11_25
0.6595713
0.6533619
0.64583296
0.6381851
0.63133466
0.64435774
0.6388773
0.63075966
0.6207797
0.61007684
0.63037086
0.6224428
0.613436
0.6037492
0.59492385
0.6750269
0.66682875
0.65805316
0.6486413
0.63937914
0.63375884
0.6271387
0.61980397
0.61085546
0.6013357
0.643003
0.6345356
0.6268089
0.61976755
0.6125392
0.6207896
0.6159767
0.6100281
0.6044457
0.598765
0.60949016
0.6005212
0.59111565
0.5820259
0.57351226
0.6128369
0.60829216
0.60331607
0.597983
0.591362
0.6314999
0.62388617
0.61596614
0.6079036
0.6003948
0.6164113
0.61065876
0.60413593
0.5966999
0.58914614
0.6520082
0.64401543
0.6348909
0.6262033
0.6187111
0.6366015
0.6287191
0.6204174
0.61197525
0.60433257
0.61966646
0.61241204
0.6045622
0.597168
0.5899319
0.5970823
0.59217
0.5836944
0.5750489
0.5668141
0.6243205
0.6182087
0.611083
0.6039805
0.5974459
0.62879145
0.62458795
0.6186136
0.61153185
0.60357904
0.62795
0.61668384
0.6022898
0.58848536
0.5771198
0.61680853
0.6117171
0.606266
0.60112035
0.59538174
0.6102205
0.6046022
0.5999756
0.5942746
0.5881716
0.62875664
0.6212335
0.61191845
0.60268503
0.593748
0.6137614
0.6092656
0.6034226
0.59770215
0.59202856
0.5990951
0.5964267
0.5914349
0.5840023
0.57619995
0.6279558
0.61837757
0.60917234
0.60148656
0.5931246
0.62743354
0.6179324
0.6088624
0.60203725
0.5976647
0.6417376
0.63774014
0.6328808
0.6269593
0.6193407
0.6343676
0.6238092
0.61236686
0.6022926
0.59322643
0.60431516
0.59609795
0.5872071
0.57765865
0.5692155
0.64694554
0.63852096
0.6300073
0.6225342
0.6158247
0.62754214
0.62623656
0.61997384
0.6132121
0.6068793
0.64599264
0.63831747
0.6297778
0.6195901
0.6099446
0.647712
0.6391643
0.6295834
0.62022316
0.6109616
0.6113361
0.6053704
0.5961056
0.5860267
0.5768856
0.6237184
0.61611414
0.60711586
0.5977322
0.587797
0.6241087
0.61646855
0.6063285
0.59798235
0.58942455
0.64599323
0.6405539
0.6331928
0.62528306
0.6177844
0.6233456
0.61812913
0.6103356
0.60085094
0.591757
0.60807014
0.60220444
0.5950589
0.58950883
0.58514756
0.6248089
0.6189766
0.61184764
0.60400033
0.59655166
0.6122011
0.60550106
0.59607065
0.58478767
0.57326823
0.63917536
0.6334647
0.627147
0.6206379
0.6143209
0.58926886
0.58287597
0.57490414
0.56669515
0.5591309
0.6168102
0.6114796
0.60535455
0.5993996
0.5940409
0.61910284
0.6126285
0.6060381
0.59908724
0.5898563
0.59828645
0.5928898
0.5863575
0.578727
0.5709416
0.5965439
0.5879874
0.57874143
0.56966877
0.5598973
0.57624066
0.56956804
0.56185055
0.55484086
0.5485401
0.6140149
0.61301196
0.60960364
0.60302085
0.5947628
0.6273296
0.6155127
0.603509
0.59238183
0.5826028
0.6126629
0.60526
0.59930074
0.5938945
0.5908082
199-----------------2019_05_29_12_07
0.64308995
0.6387538
0.6298976
0.6210298
0.6127826
